<?xml version="1.0" encoding="UTF-8"?>
<!-- Generated by org.testng.reporters.JUnitXMLReporter -->
<testsuite ignored="0" hostname="5CD2323JN2" failures="0" tests="2" name="Default test" time="42.308" errors="0" timestamp="2023-01-13T23:56:55 IST">
  <testcase classname="validate_neoStoxTestClass.ValidateNeoStoxUserNameUsing_PropertyFile" name="validateACBalance" time="0.067"/>
  <testcase classname="validate_neoStoxTestClass.ValidateNeoStoxUserNameUsing_PropertyFile" name="validateUserName" time="0.047"/>
</testsuite> <!-- Default test -->
